SF:lib\core\network\network_info.dart
DA:10,1
DA:12,1
DA:13,2
LF:3
LH:3
end_of_record
SF:lib\core\error\failures.dart
DA:4,7
DA:5,7
LF:2
LH:2
end_of_record
SF:lib\data\data_sources\local\cart_local_data_source.dart
DA:18,1
DA:20,1
DA:22,2
DA:24,1
DA:28,1
DA:30,2
DA:31,1
DA:33,2
DA:35,2
DA:36,5
DA:37,5
DA:38,0
DA:40,2
DA:42,1
DA:46,1
DA:48,2
DA:50,2
DA:52,1
DA:56,1
DA:58,2
DA:61,0
DA:63,0
DA:66,0
DA:67,0
DA:68,0
DA:69,0
DA:70,0
DA:72,0
DA:75,0
LF:29
LH:19
end_of_record
SF:lib\data\models\cart\cart_item_model.dart
DA:7,1
DA:8,1
DA:9,4
DA:11,1
DA:12,1
DA:13,5
DA:15,0
DA:16,0
DA:17,0
DA:19,1
DA:20,5
DA:23,8
DA:29,3
DA:30,3
DA:31,3
DA:32,6
DA:33,6
DA:37,4
DA:38,2
DA:39,4
DA:40,4
DA:43,2
DA:44,1
DA:45,2
DA:46,2
DA:49,1
DA:50,1
DA:51,1
DA:52,1
DA:53,1
LF:30
LH:27
end_of_record
SF:lib\data\models\category\category_model.dart
DA:5,1
DA:6,1
DA:7,5
DA:9,1
DA:10,1
DA:11,4
DA:13,1
DA:14,5
DA:17,54
DA:23,22
DA:24,11
DA:25,11
DA:26,11
DA:29,12
DA:30,6
DA:31,6
DA:32,6
DA:35,0
DA:36,0
DA:37,0
DA:38,0
LF:21
LH:17
end_of_record
SF:lib\data\models\order\order_details_model.dart
DA:7,1
DA:8,1
DA:9,4
DA:11,1
DA:12,1
DA:13,4
DA:15,1
DA:16,2
DA:18,0
DA:19,0
DA:21,1
DA:22,5
DA:24,1
DA:25,2
DA:28,7
DA:35,3
DA:36,3
DA:37,3
DA:38,3
DA:39,12
DA:40,6
DA:41,3
DA:44,2
DA:45,1
DA:46,1
DA:47,4
DA:48,2
DA:49,1
DA:52,4
DA:53,2
DA:54,2
DA:55,8
DA:56,4
DA:57,2
DA:60,0
DA:61,0
DA:62,0
DA:63,0
DA:64,0
DA:65,0
DA:66,0
DA:67,0
LF:42
LH:32
end_of_record
SF:lib\data\models\order\order_item_model.dart
DA:6,7
DA:14,6
DA:15,3
DA:16,6
DA:17,6
DA:18,3
DA:19,3
DA:21,2
DA:22,1
DA:23,2
DA:24,2
DA:25,1
DA:26,1
DA:29,4
DA:30,2
DA:31,4
DA:32,4
DA:33,2
DA:34,2
DA:37,0
DA:38,0
DA:39,0
DA:40,0
DA:41,0
DA:42,0
LF:25
LH:19
end_of_record
SF:lib\data\models\product\pagination_data_model.dart
DA:4,4
DA:8,4
DA:12,2
DA:13,1
DA:14,1
DA:15,1
DA:18,0
DA:19,0
DA:20,0
DA:21,0
LF:10
LH:6
end_of_record
SF:lib\data\models\product\price_tag_model.dart
DA:4,20
DA:10,16
DA:11,8
DA:12,8
DA:13,8
DA:16,8
DA:17,4
DA:18,4
DA:19,4
DA:22,0
DA:23,0
DA:24,0
DA:25,0
LF:13
LH:9
end_of_record
SF:lib\data\models\product\product_model.dart
DA:6,20
DA:17,16
DA:18,8
DA:19,8
DA:20,8
DA:21,8
DA:22,32
DA:23,8
DA:24,32
DA:25,32
DA:26,16
DA:27,16
DA:30,8
DA:31,4
DA:32,4
DA:33,4
DA:34,4
DA:35,16
DA:36,4
DA:37,16
DA:38,16
DA:39,8
DA:40,8
DA:43,0
DA:44,0
DA:45,0
DA:46,0
DA:47,0
DA:48,0
DA:49,0
DA:50,0
DA:51,0
DA:52,0
DA:53,0
DA:54,0
DA:55,0
LF:36
LH:23
end_of_record
SF:lib\data\models\product\product_response_model.dart
DA:8,1
DA:9,2
DA:11,0
DA:12,0
DA:15,4
DA:18,4
DA:20,1
DA:21,1
DA:22,2
DA:23,1
DA:24,4
DA:28,0
DA:29,0
DA:30,0
LF:14
LH:9
end_of_record
SF:lib\data\models\user\authentication_response_model.dart
DA:5,1
DA:6,2
DA:8,0
DA:9,0
DA:15,44
DA:20,1
DA:21,1
DA:22,1
DA:23,2
DA:26,0
DA:27,0
DA:28,0
LF:12
LH:7
end_of_record
SF:lib\data\models\user\delivery_info_model.dart
DA:5,1
DA:6,2
DA:8,1
DA:9,2
DA:11,1
DA:12,1
DA:13,4
DA:15,1
DA:16,1
DA:17,4
DA:19,2
DA:20,4
DA:22,1
DA:23,5
DA:26,50
DA:37,6
DA:38,6
DA:39,6
DA:40,6
DA:41,6
DA:42,6
DA:43,6
DA:44,6
DA:45,6
DA:46,6
DA:49,8
DA:50,4
DA:51,4
DA:52,4
DA:53,4
DA:54,4
DA:55,4
DA:56,4
DA:57,4
DA:60,1
DA:61,1
DA:62,1
DA:63,1
DA:64,1
DA:65,1
DA:66,1
DA:67,1
DA:68,1
DA:69,1
LF:44
LH:44
end_of_record
SF:lib\data\models\user\user_model.dart
DA:5,3
DA:7,3
DA:10,45
DA:17,4
DA:18,2
DA:19,2
DA:20,2
DA:21,2
DA:24,2
DA:25,1
DA:26,1
DA:27,1
DA:28,1
LF:13
LH:13
end_of_record
SF:lib\domain\usecases\product\get_product_usecase.dart
DA:12,1
DA:14,1
DA:17,2
DA:29,47
DA:38,0
DA:47,0
DA:48,0
DA:49,0
DA:50,0
DA:51,0
DA:52,0
DA:53,0
LF:12
LH:4
end_of_record
SF:lib\domain\usecases\user\sign_in_usecase.dart
DA:10,1
DA:12,1
DA:14,2
DA:21,44
LF:4
LH:4
end_of_record
SF:lib\domain\usecases\user\sign_up_usecase.dart
DA:10,1
DA:12,1
DA:14,2
DA:23,44
LF:4
LH:4
end_of_record
SF:lib\core\usecases\usecase.dart
DA:11,9
DA:12,9
LF:2
LH:2
end_of_record
SF:lib\domain\entities\cart\cart_item.dart
DA:10,8
DA:16,3
DA:17,12
LF:3
LH:3
end_of_record
SF:lib\domain\entities\category\category.dart
DA:8,54
DA:14,8
DA:15,32
LF:3
LH:3
end_of_record
SF:lib\domain\entities\order\order_details.dart
DA:11,7
DA:18,2
DA:19,2
DA:20,2
DA:21,2
DA:22,2
DA:23,2
LF:7
LH:7
end_of_record
SF:lib\domain\entities\order\order_item.dart
DA:12,7
DA:20,2
DA:21,2
DA:22,2
DA:23,2
DA:24,2
DA:25,2
DA:26,2
LF:8
LH:8
end_of_record
SF:lib\domain\entities\product\pagination_meta_data.dart
DA:8,4
DA:14,0
DA:15,0
DA:16,0
DA:17,0
DA:18,0
LF:6
LH:1
end_of_record
SF:lib\domain\entities\product\price_tag.dart
DA:8,20
DA:14,6
DA:15,6
DA:16,6
DA:17,6
DA:18,6
LF:6
LH:6
end_of_record
SF:lib\domain\entities\product\product.dart
DA:15,20
DA:26,6
DA:27,6
DA:28,6
DA:29,6
DA:30,6
DA:31,6
DA:32,6
DA:33,6
DA:34,6
DA:35,6
LF:11
LH:11
end_of_record
SF:lib\domain\entities\product\product_response.dart
DA:9,4
DA:14,0
DA:15,0
DA:16,0
DA:17,0
LF:5
LH:1
end_of_record
SF:lib\domain\entities\user\delivery_info.dart
DA:13,50
DA:24,5
DA:25,5
DA:26,5
DA:27,5
DA:28,5
DA:29,5
DA:30,5
DA:31,5
DA:32,5
DA:33,5
LF:11
LH:11
end_of_record
SF:lib\domain\entities\user\user.dart
DA:10,45
DA:18,1
DA:19,1
DA:20,1
DA:21,1
DA:22,1
DA:23,1
DA:24,1
LF:8
LH:8
end_of_record
SF:lib\data\data_sources\local\category_local_data_source.dart
DA:15,1
DA:17,1
DA:19,2
DA:21,2
DA:23,1
DA:27,1
DA:29,2
DA:31,1
LF:8
LH:8
end_of_record
SF:lib\data\data_sources\local\delivery_info_local_data_source.dart
DA:20,1
DA:22,1
DA:24,2
DA:26,2
DA:28,1
DA:32,1
DA:34,2
DA:36,1
DA:40,1
DA:42,2
DA:45,1
DA:46,3
DA:47,4
DA:50,0
DA:53,0
DA:55,2
DA:57,1
DA:61,1
DA:63,2
DA:65,1
DA:69,1
DA:71,2
DA:73,2
DA:75,1
DA:79,1
DA:81,2
DA:82,2
LF:27
LH:25
end_of_record
SF:lib\data\data_sources\local\order_local_data_source.dart
DA:16,1
DA:18,1
DA:20,2
DA:22,2
DA:24,1
DA:28,1
DA:30,2
DA:32,1
DA:36,1
DA:38,2
LF:10
LH:10
end_of_record
SF:lib\core\error\exceptions.dart
DA:10,0
LF:1
LH:0
end_of_record
SF:lib\data\data_sources\local\user_local_data_source.dart
DA:28,1
DA:31,1
DA:33,2
DA:35,1
DA:37,1
DA:41,1
DA:43,2
DA:46,1
DA:48,2
DA:49,2
DA:50,2
DA:52,2
DA:54,2
DA:56,1
DA:60,1
DA:62,2
DA:64,1
DA:68,1
DA:70,2
DA:71,1
DA:74,1
DA:76,2
DA:77,2
DA:78,2
LF:24
LH:24
end_of_record
SF:lib\data\data_sources\remote\cart_remote_data_source.dart
DA:19,1
DA:21,1
DA:23,3
DA:24,1
DA:26,1
DA:28,2
DA:29,2
DA:30,3
DA:31,1
DA:33,1
DA:37,1
DA:40,3
DA:41,1
DA:43,1
DA:45,2
DA:47,3
DA:48,2
DA:49,2
DA:51,1
DA:53,2
DA:54,2
DA:57,0
DA:61,0
DA:64,0
DA:67,0
DA:70,0
LF:26
LH:21
end_of_record
SF:lib\data\data_sources\remote\category_remote_data_source.dart
DA:13,1
DA:15,1
DA:17,1
DA:19,1
DA:20,2
DA:21,1
DA:22,1
DA:26,2
DA:27,2
DA:29,1
LF:10
LH:10
end_of_record
SF:lib\data\data_sources\remote\delivery_info_remote_data_source.dart
DA:21,1
DA:23,1
DA:25,2
DA:26,1
DA:27,1
DA:29,1
DA:32,2
DA:33,2
DA:35,1
DA:39,1
DA:41,2
DA:42,1
DA:43,1
DA:45,1
DA:47,1
DA:49,2
DA:50,2
DA:52,1
DA:56,1
DA:58,2
DA:59,1
DA:60,1
DA:62,1
DA:64,1
DA:66,2
DA:67,2
DA:69,1
LF:27
LH:27
end_of_record
SF:lib\data\data_sources\remote\order_remote_data_source.dart
DA:15,1
DA:17,1
DA:19,2
DA:20,1
DA:21,1
DA:23,1
DA:25,1
DA:27,2
DA:28,2
DA:30,1
DA:34,1
DA:36,2
DA:37,1
DA:38,1
DA:40,1
DA:43,2
DA:44,2
DA:46,1
LF:18
LH:18
end_of_record
SF:lib\data\data_sources\remote\product_remote_data_source.dart
DA:16,1
DA:18,1
DA:19,1
DA:20,8
DA:22,1
DA:23,2
DA:24,1
DA:25,1
DA:29,2
DA:30,2
DA:32,1
LF:11
LH:11
end_of_record
SF:lib\data\data_sources\remote\user_remote_data_source.dart
DA:19,1
DA:21,1
DA:24,3
DA:25,1
DA:28,2
DA:29,1
DA:30,1
DA:32,2
DA:33,2
DA:34,4
DA:35,1
DA:37,1
DA:41,1
DA:44,3
DA:45,1
DA:48,2
DA:49,1
DA:50,1
DA:51,1
DA:52,1
DA:54,2
DA:55,2
DA:56,4
DA:57,1
DA:59,1
LF:25
LH:25
end_of_record
SF:lib\data\repositories\cart_repository_impl.dart
DA:19,1
DA:26,1
DA:29,2
DA:30,1
DA:31,1
DA:32,1
DA:36,1
DA:38,2
DA:39,2
DA:41,2
DA:42,0
DA:45,1
DA:47,2
DA:48,1
DA:49,1
DA:53,2
DA:54,2
DA:58,2
DA:59,1
DA:60,1
DA:61,1
DA:65,1
DA:67,2
DA:71,3
DA:72,0
DA:73,0
DA:79,1
DA:80,2
DA:84,2
DA:85,1
DA:88,0
DA:90,0
DA:91,0
DA:96,0
DA:97,0
DA:98,0
DA:103,0
DA:107,0
DA:108,0
DA:111,0
DA:113,0
DA:118,0
DA:119,0
DA:120,0
DA:125,0
DA:126,0
DA:127,0
LF:47
LH:27
end_of_record
SF:lib\data\repositories\category_repository_impl.dart
DA:16,1
DA:22,1
DA:24,2
DA:25,2
DA:28,2
DA:29,2
DA:30,1
DA:31,1
DA:32,1
DA:36,1
DA:39,2
DA:40,1
DA:41,1
DA:42,1
DA:46,0
DA:49,0
DA:52,0
DA:53,0
DA:54,0
DA:55,0
DA:56,0
DA:57,0
LF:22
LH:14
end_of_record
SF:lib\data\repositories\delivery_info_impl.dart
DA:19,1
DA:26,1
DA:28,2
DA:29,0
DA:31,2
DA:32,1
DA:33,0
DA:37,2
DA:38,2
DA:41,2
DA:42,1
DA:43,1
DA:44,1
DA:48,1
DA:51,2
DA:52,1
DA:53,1
DA:54,1
DA:58,1
DA:60,2
DA:61,0
DA:63,2
DA:64,1
DA:65,0
DA:68,2
DA:72,2
DA:73,1
DA:74,1
DA:75,1
DA:79,1
DA:82,2
DA:83,0
DA:85,2
DA:86,1
DA:87,0
DA:90,2
DA:94,2
DA:95,1
DA:96,1
DA:97,1
DA:101,1
DA:105,1
DA:106,2
DA:107,1
DA:108,0
DA:109,0
DA:113,1
DA:116,2
DA:117,1
DA:118,0
DA:119,0
DA:123,1
DA:126,2
DA:127,2
DA:128,1
DA:129,1
LF:56
LH:46
end_of_record
SF:lib\data\repositories\order_repository_impl.dart
DA:19,1
DA:26,0
DA:28,0
DA:29,0
DA:31,0
DA:32,0
DA:33,0
DA:36,0
DA:37,0
DA:40,0
DA:43,1
DA:45,2
DA:46,2
DA:48,2
DA:49,1
DA:50,0
DA:53,2
DA:56,2
DA:57,1
DA:58,1
DA:59,1
DA:63,1
DA:66,2
DA:67,1
DA:68,1
DA:69,1
DA:73,1
DA:76,2
DA:77,2
DA:78,1
DA:79,1
LF:31
LH:21
end_of_record
SF:lib\data\data_sources\local\product_local_data_source.dart
DA:17,0
DA:19,0
DA:21,0
DA:23,0
DA:25,0
DA:29,0
DA:31,0
DA:33,0
LF:8
LH:0
end_of_record
SF:lib\data\repositories\product_repository_impl.dart
DA:17,1
DA:23,1
DA:26,2
DA:27,0
DA:30,2
DA:31,2
DA:32,1
DA:33,1
DA:34,2
DA:38,0
DA:42,0
DA:43,0
DA:44,0
DA:45,0
LF:14
LH:8
end_of_record
SF:lib\data\repositories\user_repository_impl.dart
DA:17,1
DA:23,1
DA:25,2
DA:26,2
DA:29,2
DA:30,3
DA:31,3
DA:32,2
DA:33,1
DA:34,1
DA:38,1
DA:40,2
DA:41,2
DA:44,2
DA:45,3
DA:46,3
DA:47,2
DA:48,1
DA:49,1
DA:53,0
DA:56,0
DA:57,0
DA:58,0
DA:59,0
DA:63,1
DA:66,2
DA:67,1
DA:68,1
DA:69,2
LF:29
LH:24
end_of_record
SF:lib\domain\usecases\cart\add_cart_item_usecase.dart
DA:10,1
DA:12,1
DA:14,2
LF:3
LH:3
end_of_record
SF:lib\domain\usecases\cart\delete_cart_usecase.dart
DA:9,1
DA:11,1
DA:13,2
LF:3
LH:3
end_of_record
SF:lib\domain\usecases\cart\get_local_cart_items_usecase.dart
DA:10,1
DA:12,1
DA:14,2
LF:3
LH:3
end_of_record
SF:lib\domain\usecases\cart\get_remote_cart_items_usecase.dart
DA:10,1
DA:12,1
DA:14,2
LF:3
LH:3
end_of_record
SF:lib\domain\usecases\category\filter_category_usecase.dart
DA:10,1
DA:12,1
DA:14,2
LF:3
LH:3
end_of_record
SF:lib\domain\usecases\category\get_local_category_usecase.dart
DA:10,1
DA:12,1
DA:14,2
LF:3
LH:3
end_of_record
SF:lib\domain\usecases\category\get_remote_category_usecase.dart
DA:10,1
DA:12,1
DA:14,2
LF:3
LH:3
end_of_record
SF:lib\domain\usecases\delivery_info\add_dilivey_info_usecase.dart
DA:11,1
DA:13,1
DA:15,2
LF:3
LH:3
end_of_record
SF:lib\domain\usecases\delivery_info\delete_local_delivery_info_usecase.dart
DA:9,1
DA:11,1
DA:13,2
LF:3
LH:3
end_of_record
SF:lib\domain\usecases\delivery_info\edit_delivery_info_usecase.dart
DA:11,1
DA:13,1
DA:15,2
LF:3
LH:3
end_of_record
SF:lib\domain\usecases\delivery_info\get_local_delivery_info_usecase.dart
DA:10,1
DA:12,1
DA:14,2
LF:3
LH:3
end_of_record
SF:lib\domain\usecases\delivery_info\get_remote_delivery_info_usecase.dart
DA:10,1
DA:12,1
DA:14,2
LF:3
LH:3
end_of_record
SF:lib\domain\usecases\delivery_info\get_selected_delivery_info_usecase.dart
DA:11,1
DA:13,1
DA:15,2
LF:3
LH:3
end_of_record
SF:lib\domain\usecases\delivery_info\select_delivery_info_usecase.dart
DA:10,1
DA:12,1
DA:14,2
LF:3
LH:3
end_of_record
SF:lib\domain\usecases\order\add_order_usecase.dart
DA:10,1
DA:12,1
DA:14,2
LF:3
LH:3
end_of_record
SF:lib\domain\usecases\order\delete_local_order_usecase.dart
DA:9,1
DA:11,1
DA:13,2
LF:3
LH:3
end_of_record
SF:lib\domain\usecases\order\get_local_orders_usecase.dart
DA:10,1
DA:12,1
DA:14,2
LF:3
LH:3
end_of_record
SF:lib\domain\usecases\order\get_remote_orders_usecase.dart
DA:10,1
DA:12,1
DA:14,2
LF:3
LH:3
end_of_record
SF:lib\domain\usecases\user\get_local_user_usecase.dart
DA:10,1
DA:12,1
DA:14,2
LF:3
LH:3
end_of_record
SF:lib\domain\usecases\user\sign_out_usecase.dart
DA:9,1
DA:11,1
DA:13,2
LF:3
LH:3
end_of_record
SF:lib\presentation\blocs\cart\cart_state.dart
DA:5,3
DA:9,2
DA:11,0
DA:12,0
DA:16,3
DA:18,1
DA:19,1
DA:23,3
DA:25,1
DA:26,1
DA:31,1
DA:35,1
DA:36,1
LF:13
LH:11
end_of_record
SF:lib\presentation\blocs\cart\cart_event.dart
DA:4,2
DA:8,1
DA:10,0
DA:11,0
DA:16,1
DA:18,0
DA:19,0
DA:23,1
DA:24,0
DA:25,0
LF:10
LH:4
end_of_record
SF:lib\presentation\blocs\cart\cart_bloc.dart
DA:20,1
DA:25,1
DA:26,2
DA:27,2
DA:28,2
DA:31,1
DA:33,4
DA:34,3
DA:35,1
DA:36,5
DA:37,3
DA:39,3
DA:40,4
DA:41,1
DA:42,0
DA:43,3
DA:46,5
DA:50,1
DA:52,4
DA:53,1
DA:54,3
DA:55,2
DA:56,3
DA:57,1
DA:58,5
DA:59,3
DA:62,0
DA:66,1
DA:68,1
DA:69,1
DA:70,3
DA:72,0
LF:32
LH:29
end_of_record
SF:lib\presentation\blocs\home\navbar_cubit.dart
DA:6,2
DA:8,1
DA:9,1
LF:3
LH:3
end_of_record
SF:lib\presentation\blocs\category\category_state.dart
DA:5,3
DA:9,0
DA:10,0
DA:11,0
DA:15,3
DA:16,1
DA:17,1
DA:21,2
DA:22,1
DA:23,1
DA:27,2
DA:28,1
DA:29,1
DA:34,1
DA:35,1
DA:36,1
LF:16
LH:13
end_of_record
SF:lib\presentation\blocs\category\category_bloc.dart
DA:20,1
DA:22,1
DA:23,2
DA:24,2
DA:27,1
DA:33,1
DA:34,3
DA:35,1
DA:36,0
DA:37,3
DA:45,3
DA:46,1
DA:47,3
DA:48,2
DA:51,3
DA:56,0
DA:57,0
DA:58,0
DA:59,0
DA:64,1
DA:70,4
DA:71,3
DA:72,1
DA:73,3
DA:74,2
DA:77,3
DA:82,0
DA:83,0
DA:84,0
LF:29
LH:21
end_of_record
SF:lib\presentation\blocs\category\category_event.dart
DA:4,1
DA:8,1
DA:10,0
DA:11,0
DA:16,1
DA:18,0
DA:19,0
LF:7
LH:3
end_of_record
SF:lib\presentation\blocs\product\product_state.dart
DA:7,1
DA:12,1
DA:17,1
DA:18,1
DA:22,0
DA:27,0
DA:28,0
DA:32,1
DA:37,1
DA:38,1
DA:42,1
DA:47,1
DA:48,2
DA:53,1
DA:59,1
DA:60,1
LF:16
LH:13
end_of_record
SF:lib\presentation\blocs\product\product_bloc.dart
DA:15,1
DA:16,2
DA:19,1
DA:24,2
DA:25,2
DA:28,1
DA:30,2
DA:32,2
DA:33,1
DA:35,3
DA:36,1
DA:37,3
DA:38,2
DA:39,2
DA:41,1
DA:43,3
DA:44,1
DA:45,1
DA:46,1
DA:50,0
DA:51,0
DA:52,0
DA:53,0
DA:54,0
DA:59,1
DA:61,1
DA:62,2
DA:63,2
DA:64,2
DA:67,1
DA:69,0
DA:70,0
DA:71,0
DA:72,0
DA:75,0
DA:76,0
DA:77,0
DA:78,0
DA:79,0
DA:81,0
DA:83,0
DA:84,0
DA:85,0
DA:86,0
DA:87,0
DA:89,0
DA:94,0
DA:95,0
DA:96,0
DA:97,0
DA:98,0
LF:51
LH:25
end_of_record
SF:lib\presentation\blocs\product\product_event.dart
DA:4,1
DA:9,1
DA:11,0
DA:12,0
DA:16,1
DA:17,0
DA:18,0
LF:7
LH:3
end_of_record
SF:lib\presentation\blocs\user\user_state.dart
DA:7,1
DA:8,1
DA:12,1
DA:13,1
DA:18,1
DA:19,1
DA:20,2
DA:25,1
DA:26,1
DA:27,2
DA:31,1
DA:32,1
LF:12
LH:12
end_of_record
SF:lib\presentation\blocs\user\user_event.dart
DA:8,1
DA:13,1
LF:2
LH:2
end_of_record
SF:lib\presentation\blocs\user\user_bloc.dart
DA:23,1
DA:28,2
DA:29,2
DA:30,2
DA:31,2
DA:32,2
DA:35,1
DA:37,2
DA:38,3
DA:39,1
DA:40,3
DA:41,3
DA:44,0
DA:48,1
DA:50,2
DA:51,3
DA:52,1
DA:53,3
DA:54,3
DA:57,0
DA:61,1
DA:63,2
DA:64,3
DA:65,1
DA:66,3
DA:67,3
DA:70,0
DA:74,1
DA:76,2
DA:77,3
DA:78,2
DA:80,0
LF:32
LH:28
end_of_record
